c:\users\saitre\source\repos\uno\uno\debug\vc142.pdb
c:\users\saitre\source\repos\uno\uno\debug\vc142.idb
c:\users\saitre\source\repos\uno\uno\debug\source.obj
c:\users\saitre\source\repos\uno\uno\debug\player.obj
c:\users\saitre\source\repos\uno\uno\debug\global.obj
c:\users\saitre\source\repos\uno\uno\debug\devtest.obj
c:\users\saitre\source\repos\uno\uno\debug\deck.obj
c:\users\saitre\source\repos\uno\uno\debug\card.obj
c:\users\saitre\source\repos\uno\uno\debug\game.obj
c:\users\saitre\source\repos\uno\debug\uno.exe
c:\users\saitre\source\repos\uno\debug\uno.ilk
c:\users\saitre\source\repos\uno\debug\uno.pdb
c:\users\saitre\source\repos\uno\uno\debug\card.obj.enc
c:\users\saitre\source\repos\uno\uno\debug\deck.obj.enc
c:\users\saitre\source\repos\uno\uno\debug\game.obj.enc
c:\users\saitre\source\repos\uno\uno\debug\global.obj.enc
c:\users\saitre\source\repos\uno\uno\debug\source.obj.enc
c:\users\saitre\source\repos\uno\uno\debug\uno.tlog\cl.command.1.tlog
c:\users\saitre\source\repos\uno\uno\debug\uno.tlog\cl.read.1.tlog
c:\users\saitre\source\repos\uno\uno\debug\uno.tlog\cl.write.1.tlog
c:\users\saitre\source\repos\uno\uno\debug\uno.tlog\link.command.1.tlog
c:\users\saitre\source\repos\uno\uno\debug\uno.tlog\link.read.1.tlog
c:\users\saitre\source\repos\uno\uno\debug\uno.tlog\link.write.1.tlog
